<?xml version="1.0" encoding="UTF-8"?>
<testsuite xmlns:xsi="http://www.w3.org/2001/XMLSchema-instance" xsi:noNamespaceSchemaLocation="https://maven.apache.org/surefire/maven-surefire-plugin/xsd/surefire-test-report.xsd" name="com.example.testcases.LoginTest" time="21.075" tests="3" errors="0" skipped="2" failures="1">
  <properties>
    <property name="java.specification.version" value="17"/>
    <property name="sun.jnu.encoding" value="UTF-8"/>
    <property name="java.class.path" value="/home/lata/Documents/Repo/Flutter/flutterautomation/target/test-classes:/home/lata/Documents/Repo/Flutter/flutterautomation/target/classes:/home/lata/.m2/repository/junit/junit/4.11/junit-4.11.jar:/home/lata/.m2/repository/org/hamcrest/hamcrest-core/1.3/hamcrest-core-1.3.jar:/home/lata/.m2/repository/io/appium/java-client/9.0.0/java-client-9.0.0.jar:/home/lata/.m2/repository/org/seleniumhq/selenium/selenium-api/4.29.0/selenium-api-4.29.0.jar:/home/lata/.m2/repository/org/jspecify/jspecify/1.0.0/jspecify-1.0.0.jar:/home/lata/.m2/repository/org/seleniumhq/selenium/selenium-remote-driver/4.29.0/selenium-remote-driver-4.29.0.jar:/home/lata/.m2/repository/com/google/auto/service/auto-service-annotations/1.1.1/auto-service-annotations-1.1.1.jar:/home/lata/.m2/repository/com/google/guava/guava/33.4.0-jre/guava-33.4.0-jre.jar:/home/lata/.m2/repository/com/google/guava/failureaccess/1.0.2/failureaccess-1.0.2.jar:/home/lata/.m2/repository/com/google/guava/listenablefuture/9999.0-empty-to-avoid-conflict-with-guava/listenablefuture-9999.0-empty-to-avoid-conflict-with-guava.jar:/home/lata/.m2/repository/com/google/code/findbugs/jsr305/3.0.2/jsr305-3.0.2.jar:/home/lata/.m2/repository/org/checkerframework/checker-qual/3.43.0/checker-qual-3.43.0.jar:/home/lata/.m2/repository/com/google/errorprone/error_prone_annotations/2.36.0/error_prone_annotations-2.36.0.jar:/home/lata/.m2/repository/com/google/j2objc/j2objc-annotations/3.0.0/j2objc-annotations-3.0.0.jar:/home/lata/.m2/repository/io/opentelemetry/semconv/opentelemetry-semconv/1.28.0-alpha/opentelemetry-semconv-1.28.0-alpha.jar:/home/lata/.m2/repository/io/opentelemetry/opentelemetry-api/1.46.0/opentelemetry-api-1.46.0.jar:/home/lata/.m2/repository/io/opentelemetry/opentelemetry-context/1.46.0/opentelemetry-context-1.46.0.jar:/home/lata/.m2/repository/io/opentelemetry/opentelemetry-exporter-logging/1.46.0/opentelemetry-exporter-logging-1.46.0.jar:/home/lata/.m2/repository/io/opentelemetry/opentelemetry-sdk-common/1.46.0/opentelemetry-sdk-common-1.46.0.jar:/home/lata/.m2/repository/io/opentelemetry/opentelemetry-sdk-extension-autoconfigure-spi/1.46.0/opentelemetry-sdk-extension-autoconfigure-spi-1.46.0.jar:/home/lata/.m2/repository/io/opentelemetry/opentelemetry-sdk-extension-autoconfigure/1.46.0/opentelemetry-sdk-extension-autoconfigure-1.46.0.jar:/home/lata/.m2/repository/io/opentelemetry/opentelemetry-api-incubator/1.46.0-alpha/opentelemetry-api-incubator-1.46.0-alpha.jar:/home/lata/.m2/repository/io/opentelemetry/opentelemetry-sdk-trace/1.46.0/opentelemetry-sdk-trace-1.46.0.jar:/home/lata/.m2/repository/io/opentelemetry/opentelemetry-sdk/1.46.0/opentelemetry-sdk-1.46.0.jar:/home/lata/.m2/repository/io/opentelemetry/opentelemetry-sdk-metrics/1.46.0/opentelemetry-sdk-metrics-1.46.0.jar:/home/lata/.m2/repository/io/opentelemetry/opentelemetry-sdk-logs/1.46.0/opentelemetry-sdk-logs-1.46.0.jar:/home/lata/.m2/repository/net/bytebuddy/byte-buddy/1.15.11/byte-buddy-1.15.11.jar:/home/lata/.m2/repository/org/seleniumhq/selenium/selenium-http/4.29.0/selenium-http-4.29.0.jar:/home/lata/.m2/repository/org/seleniumhq/selenium/selenium-json/4.29.0/selenium-json-4.29.0.jar:/home/lata/.m2/repository/org/seleniumhq/selenium/selenium-manager/4.29.0/selenium-manager-4.29.0.jar:/home/lata/.m2/repository/org/seleniumhq/selenium/selenium-os/4.29.0/selenium-os-4.29.0.jar:/home/lata/.m2/repository/org/apache/commons/commons-exec/1.4.0/commons-exec-1.4.0.jar:/home/lata/.m2/repository/org/seleniumhq/selenium/selenium-support/4.29.0/selenium-support-4.29.0.jar:/home/lata/.m2/repository/com/google/code/gson/gson/2.10.1/gson-2.10.1.jar:/home/lata/.m2/repository/org/testng/testng/7.7.1/testng-7.7.1.jar:/home/lata/.m2/repository/com/beust/jcommander/1.82/jcommander-1.82.jar:/home/lata/.m2/repository/org/webjars/jquery/3.6.1/jquery-3.6.1.jar:/home/lata/.m2/repository/org/json/json/20210307/json-20210307.jar:/home/lata/.m2/repository/org/slf4j/slf4j-api/2.0.9/slf4j-api-2.0.9.jar:/home/lata/.m2/repository/org/apache/logging/log4j/log4j-core/2.17.1/log4j-core-2.17.1.jar:/home/lata/.m2/repository/org/apache/logging/log4j/log4j-api/2.17.1/log4j-api-2.17.1.jar:/home/lata/.m2/repository/org/slf4j/slf4j-simple/2.0.9/slf4j-simple-2.0.9.jar:/home/lata/.m2/repository/org/seleniumhq/selenium/selenium-java/4.16.0/selenium-java-4.16.0.jar:/home/lata/.m2/repository/org/seleniumhq/selenium/selenium-chrome-driver/4.16.0/selenium-chrome-driver-4.16.0.jar:/home/lata/.m2/repository/org/seleniumhq/selenium/selenium-chromium-driver/4.16.0/selenium-chromium-driver-4.16.0.jar:/home/lata/.m2/repository/org/seleniumhq/selenium/selenium-devtools-v118/4.16.0/selenium-devtools-v118-4.16.0.jar:/home/lata/.m2/repository/org/seleniumhq/selenium/selenium-devtools-v119/4.16.0/selenium-devtools-v119-4.16.0.jar:/home/lata/.m2/repository/org/seleniumhq/selenium/selenium-devtools-v120/4.16.0/selenium-devtools-v120-4.16.0.jar:/home/lata/.m2/repository/org/seleniumhq/selenium/selenium-devtools-v85/4.16.0/selenium-devtools-v85-4.16.0.jar:/home/lata/.m2/repository/org/seleniumhq/selenium/selenium-edge-driver/4.16.0/selenium-edge-driver-4.16.0.jar:/home/lata/.m2/repository/org/seleniumhq/selenium/selenium-firefox-driver/4.16.0/selenium-firefox-driver-4.16.0.jar:/home/lata/.m2/repository/org/seleniumhq/selenium/selenium-ie-driver/4.16.0/selenium-ie-driver-4.16.0.jar:/home/lata/.m2/repository/org/seleniumhq/selenium/selenium-safari-driver/4.16.0/selenium-safari-driver-4.16.0.jar:"/>
    <property name="java.vm.vendor" value="Ubuntu"/>
    <property name="sun.arch.data.model" value="64"/>
    <property name="java.vendor.url" value="https://ubuntu.com/"/>
    <property name="os.name" value="Linux"/>
    <property name="java.vm.specification.version" value="17"/>
    <property name="user.country" value="US"/>
    <property name="sun.java.launcher" value="SUN_STANDARD"/>
    <property name="sun.boot.library.path" value="/usr/lib/jvm/java-17-openjdk-amd64/lib"/>
    <property name="sun.java.command" value="/home/lata/Documents/Repo/Flutter/flutterautomation/target/surefire/surefirebooter3646383942277368952.jar /home/lata/Documents/Repo/Flutter/flutterautomation/target/surefire 2025-02-28T14-49-55_271-jvmRun1 surefire5508849034841235548tmp surefire_03598265471389254818tmp"/>
    <property name="jdk.debug" value="release"/>
    <property name="test" value="com.example.testcases.LoginTest#testValidLogin"/>
    <property name="surefire.test.class.path" value="/home/lata/Documents/Repo/Flutter/flutterautomation/target/test-classes:/home/lata/Documents/Repo/Flutter/flutterautomation/target/classes:/home/lata/.m2/repository/junit/junit/4.11/junit-4.11.jar:/home/lata/.m2/repository/org/hamcrest/hamcrest-core/1.3/hamcrest-core-1.3.jar:/home/lata/.m2/repository/io/appium/java-client/9.0.0/java-client-9.0.0.jar:/home/lata/.m2/repository/org/seleniumhq/selenium/selenium-api/4.29.0/selenium-api-4.29.0.jar:/home/lata/.m2/repository/org/jspecify/jspecify/1.0.0/jspecify-1.0.0.jar:/home/lata/.m2/repository/org/seleniumhq/selenium/selenium-remote-driver/4.29.0/selenium-remote-driver-4.29.0.jar:/home/lata/.m2/repository/com/google/auto/service/auto-service-annotations/1.1.1/auto-service-annotations-1.1.1.jar:/home/lata/.m2/repository/com/google/guava/guava/33.4.0-jre/guava-33.4.0-jre.jar:/home/lata/.m2/repository/com/google/guava/failureaccess/1.0.2/failureaccess-1.0.2.jar:/home/lata/.m2/repository/com/google/guava/listenablefuture/9999.0-empty-to-avoid-conflict-with-guava/listenablefuture-9999.0-empty-to-avoid-conflict-with-guava.jar:/home/lata/.m2/repository/com/google/code/findbugs/jsr305/3.0.2/jsr305-3.0.2.jar:/home/lata/.m2/repository/org/checkerframework/checker-qual/3.43.0/checker-qual-3.43.0.jar:/home/lata/.m2/repository/com/google/errorprone/error_prone_annotations/2.36.0/error_prone_annotations-2.36.0.jar:/home/lata/.m2/repository/com/google/j2objc/j2objc-annotations/3.0.0/j2objc-annotations-3.0.0.jar:/home/lata/.m2/repository/io/opentelemetry/semconv/opentelemetry-semconv/1.28.0-alpha/opentelemetry-semconv-1.28.0-alpha.jar:/home/lata/.m2/repository/io/opentelemetry/opentelemetry-api/1.46.0/opentelemetry-api-1.46.0.jar:/home/lata/.m2/repository/io/opentelemetry/opentelemetry-context/1.46.0/opentelemetry-context-1.46.0.jar:/home/lata/.m2/repository/io/opentelemetry/opentelemetry-exporter-logging/1.46.0/opentelemetry-exporter-logging-1.46.0.jar:/home/lata/.m2/repository/io/opentelemetry/opentelemetry-sdk-common/1.46.0/opentelemetry-sdk-common-1.46.0.jar:/home/lata/.m2/repository/io/opentelemetry/opentelemetry-sdk-extension-autoconfigure-spi/1.46.0/opentelemetry-sdk-extension-autoconfigure-spi-1.46.0.jar:/home/lata/.m2/repository/io/opentelemetry/opentelemetry-sdk-extension-autoconfigure/1.46.0/opentelemetry-sdk-extension-autoconfigure-1.46.0.jar:/home/lata/.m2/repository/io/opentelemetry/opentelemetry-api-incubator/1.46.0-alpha/opentelemetry-api-incubator-1.46.0-alpha.jar:/home/lata/.m2/repository/io/opentelemetry/opentelemetry-sdk-trace/1.46.0/opentelemetry-sdk-trace-1.46.0.jar:/home/lata/.m2/repository/io/opentelemetry/opentelemetry-sdk/1.46.0/opentelemetry-sdk-1.46.0.jar:/home/lata/.m2/repository/io/opentelemetry/opentelemetry-sdk-metrics/1.46.0/opentelemetry-sdk-metrics-1.46.0.jar:/home/lata/.m2/repository/io/opentelemetry/opentelemetry-sdk-logs/1.46.0/opentelemetry-sdk-logs-1.46.0.jar:/home/lata/.m2/repository/net/bytebuddy/byte-buddy/1.15.11/byte-buddy-1.15.11.jar:/home/lata/.m2/repository/org/seleniumhq/selenium/selenium-http/4.29.0/selenium-http-4.29.0.jar:/home/lata/.m2/repository/org/seleniumhq/selenium/selenium-json/4.29.0/selenium-json-4.29.0.jar:/home/lata/.m2/repository/org/seleniumhq/selenium/selenium-manager/4.29.0/selenium-manager-4.29.0.jar:/home/lata/.m2/repository/org/seleniumhq/selenium/selenium-os/4.29.0/selenium-os-4.29.0.jar:/home/lata/.m2/repository/org/apache/commons/commons-exec/1.4.0/commons-exec-1.4.0.jar:/home/lata/.m2/repository/org/seleniumhq/selenium/selenium-support/4.29.0/selenium-support-4.29.0.jar:/home/lata/.m2/repository/com/google/code/gson/gson/2.10.1/gson-2.10.1.jar:/home/lata/.m2/repository/org/testng/testng/7.7.1/testng-7.7.1.jar:/home/lata/.m2/repository/com/beust/jcommander/1.82/jcommander-1.82.jar:/home/lata/.m2/repository/org/webjars/jquery/3.6.1/jquery-3.6.1.jar:/home/lata/.m2/repository/org/json/json/20210307/json-20210307.jar:/home/lata/.m2/repository/org/slf4j/slf4j-api/2.0.9/slf4j-api-2.0.9.jar:/home/lata/.m2/repository/org/apache/logging/log4j/log4j-core/2.17.1/log4j-core-2.17.1.jar:/home/lata/.m2/repository/org/apache/logging/log4j/log4j-api/2.17.1/log4j-api-2.17.1.jar:/home/lata/.m2/repository/org/slf4j/slf4j-simple/2.0.9/slf4j-simple-2.0.9.jar:/home/lata/.m2/repository/org/seleniumhq/selenium/selenium-java/4.16.0/selenium-java-4.16.0.jar:/home/lata/.m2/repository/org/seleniumhq/selenium/selenium-chrome-driver/4.16.0/selenium-chrome-driver-4.16.0.jar:/home/lata/.m2/repository/org/seleniumhq/selenium/selenium-chromium-driver/4.16.0/selenium-chromium-driver-4.16.0.jar:/home/lata/.m2/repository/org/seleniumhq/selenium/selenium-devtools-v118/4.16.0/selenium-devtools-v118-4.16.0.jar:/home/lata/.m2/repository/org/seleniumhq/selenium/selenium-devtools-v119/4.16.0/selenium-devtools-v119-4.16.0.jar:/home/lata/.m2/repository/org/seleniumhq/selenium/selenium-devtools-v120/4.16.0/selenium-devtools-v120-4.16.0.jar:/home/lata/.m2/repository/org/seleniumhq/selenium/selenium-devtools-v85/4.16.0/selenium-devtools-v85-4.16.0.jar:/home/lata/.m2/repository/org/seleniumhq/selenium/selenium-edge-driver/4.16.0/selenium-edge-driver-4.16.0.jar:/home/lata/.m2/repository/org/seleniumhq/selenium/selenium-firefox-driver/4.16.0/selenium-firefox-driver-4.16.0.jar:/home/lata/.m2/repository/org/seleniumhq/selenium/selenium-ie-driver/4.16.0/selenium-ie-driver-4.16.0.jar:/home/lata/.m2/repository/org/seleniumhq/selenium/selenium-safari-driver/4.16.0/selenium-safari-driver-4.16.0.jar:"/>
    <property name="sun.cpu.endian" value="little"/>
    <property name="user.home" value="/home/lata"/>
    <property name="user.language" value="en"/>
    <property name="java.specification.vendor" value="Oracle Corporation"/>
    <property name="java.version.date" value="2025-01-21"/>
    <property name="java.home" value="/usr/lib/jvm/java-17-openjdk-amd64"/>
    <property name="file.separator" value="/"/>
    <property name="basedir" value="/home/lata/Documents/Repo/Flutter/flutterautomation"/>
    <property name="java.vm.compressedOopsMode" value="Zero based"/>
    <property name="line.separator" value="&#10;"/>
    <property name="java.vm.specification.vendor" value="Oracle Corporation"/>
    <property name="java.specification.name" value="Java Platform API Specification"/>
    <property name="surefire.real.class.path" value="/home/lata/Documents/Repo/Flutter/flutterautomation/target/surefire/surefirebooter3646383942277368952.jar"/>
    <property name="sun.management.compiler" value="HotSpot 64-Bit Tiered Compilers"/>
    <property name="java.runtime.version" value="17.0.14+7-Ubuntu-124.04"/>
    <property name="user.name" value="lata"/>
    <property name="path.separator" value=":"/>
    <property name="os.version" value="6.8.0-52-generic"/>
    <property name="java.runtime.name" value="OpenJDK Runtime Environment"/>
    <property name="file.encoding" value="UTF-8"/>
    <property name="java.vm.name" value="OpenJDK 64-Bit Server VM"/>
    <property name="maven.ext.class.path" value="/home/lata/.vscode/extensions/oracle.oracle-java-23.1.0/nbcode/java/maven-nblib/netbeans-eventspy.jar"/>
    <property name="localRepository" value="/home/lata/.m2/repository"/>
    <property name="java.vendor.url.bug" value="https://bugs.launchpad.net/ubuntu/+source/openjdk-17"/>
    <property name="java.io.tmpdir" value="/tmp"/>
    <property name="java.version" value="17.0.14"/>
    <property name="user.dir" value="/home/lata/Documents/Repo/Flutter/flutterautomation"/>
    <property name="os.arch" value="amd64"/>
    <property name="java.vm.specification.name" value="Java Virtual Machine Specification"/>
    <property name="native.encoding" value="UTF-8"/>
    <property name="java.library.path" value="/usr/java/packages/lib:/usr/lib/x86_64-linux-gnu/jni:/lib/x86_64-linux-gnu:/usr/lib/x86_64-linux-gnu:/usr/lib/jni:/lib:/usr/lib"/>
    <property name="java.vm.info" value="mixed mode, sharing"/>
    <property name="java.vendor" value="Ubuntu"/>
    <property name="java.vm.version" value="17.0.14+7-Ubuntu-124.04"/>
    <property name="java.specification.maintenance.version" value="1"/>
    <property name="sun.io.unicode.encoding" value="UnicodeLittle"/>
    <property name="java.class.version" value="61.0"/>
  </properties>
  <testcase name="setup" classname="com.example.testcases.LoginTest" time="20.909">
    <failure message="Could not start a new session. Response code 404. Message: The requested resource could not be found, or a request was received using an HTTP method that is not supported by the mapped resource &#10;Host info: host: &apos;lata-Precision-3581&apos;, ip: &apos;127.0.1.1&apos;&#10;Build info: version: &apos;4.29.0&apos;, revision: &apos;5fc1ec94cb&apos;&#10;System info: os.name: &apos;Linux&apos;, os.arch: &apos;amd64&apos;, os.version: &apos;6.8.0-52-generic&apos;, java.version: &apos;17.0.14&apos;&#10;Driver info: org.openqa.selenium.remote.RemoteWebDriver&#10;Command: [null, newSession {capabilities=[Capabilities {appium:app: ./resources/app/flutter.apk, appium:appActivity: com.digit.hcm.appActivity, appium:appPackage: com.digit.hcm.appPackage, appium:automationName: UiAutomator2, appium:deviceName: Pixel_Fold_API_35, appium:fullReset: true, appium:noReset: true, appium:platformVersion: 14.0, platformName: ANDROID}]}]&#10;Capabilities {appium:app: ./resources/app/flutter.apk, appium:appActivity: com.digit.hcm.appActivity, appium:appPackage: com.digit.hcm.appPackage, appium:automationName: UiAutomator2, appium:deviceName: Pixel_Fold_API_35, appium:fullReset: true, appium:noReset: true, appium:platformVersion: 14.0, platformName: ANDROID}" type="org.openqa.selenium.SessionNotCreatedException">org.openqa.selenium.SessionNotCreatedException: 
Could not start a new session. Response code 404. Message: The requested resource could not be found, or a request was received using an HTTP method that is not supported by the mapped resource 
Host info: host: 'lata-Precision-3581', ip: '127.0.1.1'
Build info: version: '4.29.0', revision: '5fc1ec94cb'
System info: os.name: 'Linux', os.arch: 'amd64', os.version: '6.8.0-52-generic', java.version: '17.0.14'
Driver info: org.openqa.selenium.remote.RemoteWebDriver
Command: [null, newSession {capabilities=[Capabilities {appium:app: ./resources/app/flutter.apk, appium:appActivity: com.digit.hcm.appActivity, appium:appPackage: com.digit.hcm.appPackage, appium:automationName: UiAutomator2, appium:deviceName: Pixel_Fold_API_35, appium:fullReset: true, appium:noReset: true, appium:platformVersion: 14.0, platformName: ANDROID}]}]
Capabilities {appium:app: ./resources/app/flutter.apk, appium:appActivity: com.digit.hcm.appActivity, appium:appPackage: com.digit.hcm.appPackage, appium:automationName: UiAutomator2, appium:deviceName: Pixel_Fold_API_35, appium:fullReset: true, appium:noReset: true, appium:platformVersion: 14.0, platformName: ANDROID}
</failure>
    <system-out><![CDATA[Starting Emulator...
Emulator is ready!
-------------seting capabilities---------------
]]></system-out>
    <system-err><![CDATA[Feb 28, 2025 2:50:16 PM org.openqa.selenium.remote.tracing.opentelemetry.OpenTelemetryTracer createTracer
INFO: Using OpenTelemetry for tracing
]]></system-err>
  </testcase>
  <testcase name="testValidLogin" classname="com.example.testcases.LoginTest" time="0">
    <skipped message="Could not start a new session. Response code 404. Message: The requested resource could not be found, or a request was received using an HTTP method that is not supported by the mapped resource &#10;Host info: host: &apos;lata-Precision-3581&apos;, ip: &apos;127.0.1.1&apos;&#10;Build info: version: &apos;4.29.0&apos;, revision: &apos;5fc1ec94cb&apos;&#10;System info: os.name: &apos;Linux&apos;, os.arch: &apos;amd64&apos;, os.version: &apos;6.8.0-52-generic&apos;, java.version: &apos;17.0.14&apos;&#10;Driver info: org.openqa.selenium.remote.RemoteWebDriver&#10;Command: [null, newSession {capabilities=[Capabilities {appium:app: ./resources/app/flutter.apk, appium:appActivity: com.digit.hcm.appActivity, appium:appPackage: com.digit.hcm.appPackage, appium:automationName: UiAutomator2, appium:deviceName: Pixel_Fold_API_35, appium:fullReset: true, appium:noReset: true, appium:platformVersion: 14.0, platformName: ANDROID}]}]&#10;Capabilities {appium:app: ./resources/app/flutter.apk, appium:appActivity: com.digit.hcm.appActivity, appium:appPackage: com.digit.hcm.appPackage, appium:automationName: UiAutomator2, appium:deviceName: Pixel_Fold_API_35, appium:fullReset: true, appium:noReset: true, appium:platformVersion: 14.0, platformName: ANDROID}"/>
  </testcase>
  <testcase name="tearDown" classname="com.example.testcases.LoginTest" time="0">
    <skipped/>
  </testcase>
</testsuite>